e:\svn-ragnarok\svn\.vs\build\common\win32\debug\vc120.pdb
e:\svn-ragnarok\svn\.vs\build\common\win32\debug\vc120.idb
e:\svn-ragnarok\svn\.vs\build\common\win32\debug\db.obj
e:\svn-ragnarok\svn\.vs\build\common\win32\debug\des.obj
e:\svn-ragnarok\svn\.vs\build\common\win32\debug\ers.obj
e:\svn-ragnarok\svn\.vs\build\common\win32\debug\grfio.obj
e:\svn-ragnarok\svn\.vs\build\common\win32\debug\malloc.obj
e:\svn-ragnarok\svn\.vs\build\common\win32\debug\mapindex.obj
e:\svn-ragnarok\svn\.vs\build\common\win32\debug\md5calc.obj
e:\svn-ragnarok\svn\.vs\build\common\win32\debug\mempool.obj
e:\svn-ragnarok\svn\.vs\build\common\win32\debug\msg_conf.obj
e:\svn-ragnarok\svn\.vs\build\common\win32\debug\mutex.obj
e:\svn-ragnarok\svn\.vs\build\common\win32\debug\nullpo.obj
e:\svn-ragnarok\svn\.vs\build\common\win32\debug\raconf.obj
e:\svn-ragnarok\svn\.vs\build\common\win32\debug\random.obj
e:\svn-ragnarok\svn\.vs\build\common\win32\debug\showmsg.obj
e:\svn-ragnarok\svn\.vs\build\common\win32\debug\socket.obj
e:\svn-ragnarok\svn\.vs\build\common\win32\debug\sql.obj
e:\svn-ragnarok\svn\.vs\build\common\win32\debug\strlib.obj
e:\svn-ragnarok\svn\.vs\build\common\win32\debug\thread.obj
e:\svn-ragnarok\svn\.vs\build\common\win32\debug\timer.obj
e:\svn-ragnarok\svn\.vs\build\common\win32\debug\utils.obj
e:\svn-ragnarok\svn\.vs\build\common\win32\debug\cli.obj
e:\svn-ragnarok\svn\.vs\build\common\win32\debug\conf.obj
e:\svn-ragnarok\svn\.vs\build\common\win32\debug\core.obj
e:\svn-ragnarok\svn\.vs\build\common\win32\debug\yamlwrapper.obj
e:\svn-ragnarok\svn\.vs\build\common.lib
e:\svn-ragnarok\svn\.vs\build\common\win32\debug\common.tlog\cl.command.1.tlog
e:\svn-ragnarok\svn\.vs\build\common\win32\debug\common.tlog\cl.read.1.tlog
e:\svn-ragnarok\svn\.vs\build\common\win32\debug\common.tlog\cl.write.1.tlog
e:\svn-ragnarok\svn\.vs\build\common\win32\debug\common.tlog\lib-link.read.1.tlog
e:\svn-ragnarok\svn\.vs\build\common\win32\debug\common.tlog\lib-link.write.1.tlog
e:\svn-ragnarok\svn\.vs\build\common\win32\debug\common.tlog\lib.command.1.tlog
