Build started 12/9/2560 0:09:38.
     1>Project "E:\svn-ragnarok\svn\3rdparty\libconfig\libconfig.vcxproj" on node 2 (Rebuild target(s)).
     1>ClCompile:
         C:\Program Files (x86)\Microsoft Visual Studio 12.0\VC\bin\CL.exe /c /ZI /nologo /W3 /WX- /Od /Oy- /D YY_USE_CONST /D LIBCONFIG_STATIC /D _CRT_SECURE_NO_DEPRECATE /D _CRT_NONSTDC_NO_DEPRECATE /D WIN32 /D _DEBUG /D _LIB /D _MBCS /Gm /EHsc /RTC1 /MTd /GS /fp:precise /Zc:wchar_t /Zc:forScope /Fo"E:\svn-ragnarok\svn\.vs\build\libconfig\Win32\Debug\\" /Fd"E:\svn-ragnarok\svn\.vs\build\libconfig\Win32\Debug\vc120.pdb" /Gd /TC /analyze- /errorReport:prompt grammar.c libconfig.c scanctx.c scanner.c strbuf.c
         strbuf.c
         scanner.c
         scanctx.c
         libconfig.c
         grammar.c
         Generating Code...
       Lib:
         C:\Program Files (x86)\Microsoft Visual Studio 12.0\VC\bin\Lib.exe /OUT:"E:\svn-ragnarok\svn\.vs\build\libconfig.lib" /NOLOGO "E:\svn-ragnarok\svn\.vs\build\libconfig\Win32\Debug\grammar.obj"
         "E:\svn-ragnarok\svn\.vs\build\libconfig\Win32\Debug\libconfig.obj"
         "E:\svn-ragnarok\svn\.vs\build\libconfig\Win32\Debug\scanctx.obj"
         "E:\svn-ragnarok\svn\.vs\build\libconfig\Win32\Debug\scanner.obj"
         "E:\svn-ragnarok\svn\.vs\build\libconfig\Win32\Debug\strbuf.obj"
         libconfig.vcxproj -> E:\svn-ragnarok\svn\.vs\build\libconfig.lib
     1>Done Building Project "E:\svn-ragnarok\svn\3rdparty\libconfig\libconfig.vcxproj" (Rebuild target(s)).

Build succeeded.

Time Elapsed 00:00:01.17
