e:\svn-ragnarok\svn\.vs\build\common-minicore\win32\debug\vc120.pdb
e:\svn-ragnarok\svn\.vs\build\common-minicore\win32\debug\vc120.idb
e:\svn-ragnarok\svn\.vs\build\common-minicore\win32\debug\cli.obj
e:\svn-ragnarok\svn\.vs\build\common-minicore\win32\debug\conf.obj
e:\svn-ragnarok\svn\.vs\build\common-minicore\win32\debug\des.obj
e:\svn-ragnarok\svn\.vs\build\common-minicore\win32\debug\grfio.obj
e:\svn-ragnarok\svn\.vs\build\common-minicore\win32\debug\malloc.obj
e:\svn-ragnarok\svn\.vs\build\common-minicore\win32\debug\mapindex.obj
e:\svn-ragnarok\svn\.vs\build\common-minicore\win32\debug\md5calc.obj
e:\svn-ragnarok\svn\.vs\build\common-minicore\win32\debug\msg_conf.obj
e:\svn-ragnarok\svn\.vs\build\common-minicore\win32\debug\nullpo.obj
e:\svn-ragnarok\svn\.vs\build\common-minicore\win32\debug\raconf.obj
e:\svn-ragnarok\svn\.vs\build\common-minicore\win32\debug\random.obj
e:\svn-ragnarok\svn\.vs\build\common-minicore\win32\debug\showmsg.obj
e:\svn-ragnarok\svn\.vs\build\common-minicore\win32\debug\strlib.obj
e:\svn-ragnarok\svn\.vs\build\common-minicore\win32\debug\utils.obj
e:\svn-ragnarok\svn\.vs\build\common-minicore\win32\debug\core.obj
e:\svn-ragnarok\svn\.vs\build\common-minicore.lib
e:\svn-ragnarok\svn\.vs\build\common-minicore\win32\debug\common-minicore.tlog\cl.command.1.tlog
e:\svn-ragnarok\svn\.vs\build\common-minicore\win32\debug\common-minicore.tlog\cl.read.1.tlog
e:\svn-ragnarok\svn\.vs\build\common-minicore\win32\debug\common-minicore.tlog\cl.write.1.tlog
e:\svn-ragnarok\svn\.vs\build\common-minicore\win32\debug\common-minicore.tlog\lib-link.read.1.tlog
e:\svn-ragnarok\svn\.vs\build\common-minicore\win32\debug\common-minicore.tlog\lib-link.write.1.tlog
e:\svn-ragnarok\svn\.vs\build\common-minicore\win32\debug\common-minicore.tlog\lib.command.1.tlog
