e:\svn-ragnarok\svn\.vs\build\char-server\win32\debug\vc120.pdb
e:\svn-ragnarok\svn\.vs\build\char-server\win32\debug\vc120.idb
e:\svn-ragnarok\svn\.vs\build\char-server\win32\debug\char.obj
e:\svn-ragnarok\svn\.vs\build\char-server\win32\debug\inter.obj
e:\svn-ragnarok\svn\.vs\build\char-server\win32\debug\int_storage.obj
e:\svn-ragnarok\svn\.vs\build\char-server\win32\debug\char_clif.obj
e:\svn-ragnarok\svn\.vs\build\char-server\win32\debug\char_cnslif.obj
e:\svn-ragnarok\svn\.vs\build\char-server\win32\debug\char_logif.obj
e:\svn-ragnarok\svn\.vs\build\char-server\win32\debug\char_mapif.obj
e:\svn-ragnarok\svn\.vs\build\char-server\win32\debug\int_achievement.obj
e:\svn-ragnarok\svn\.vs\build\char-server\win32\debug\int_auction.obj
e:\svn-ragnarok\svn\.vs\build\char-server\win32\debug\int_clan.obj
e:\svn-ragnarok\svn\.vs\build\char-server\win32\debug\int_elemental.obj
e:\svn-ragnarok\svn\.vs\build\char-server\win32\debug\int_guild.obj
e:\svn-ragnarok\svn\.vs\build\char-server\win32\debug\int_homun.obj
e:\svn-ragnarok\svn\.vs\build\char-server\win32\debug\int_mail.obj
e:\svn-ragnarok\svn\.vs\build\char-server\win32\debug\int_mercenary.obj
e:\svn-ragnarok\svn\.vs\build\char-server\win32\debug\int_party.obj
e:\svn-ragnarok\svn\.vs\build\char-server\win32\debug\int_pet.obj
e:\svn-ragnarok\svn\.vs\build\char-server\win32\debug\int_quest.obj
e:\svn-ragnarok\svn\char-server.ilk
e:\svn-ragnarok\svn\char-server.exe
e:\svn-ragnarok\svn\char-server.pdb
e:\svn-ragnarok\svn\.vs\build\char-server\win32\debug\char-server.tlog\cl.command.1.tlog
e:\svn-ragnarok\svn\.vs\build\char-server\win32\debug\char-server.tlog\cl.read.1.tlog
e:\svn-ragnarok\svn\.vs\build\char-server\win32\debug\char-server.tlog\cl.write.1.tlog
e:\svn-ragnarok\svn\.vs\build\char-server\win32\debug\char-server.tlog\link.command.1.tlog
e:\svn-ragnarok\svn\.vs\build\char-server\win32\debug\char-server.tlog\link.read.1.tlog
e:\svn-ragnarok\svn\.vs\build\char-server\win32\debug\char-server.tlog\link.write.1.tlog
