Build started 20/8/2560 7:01:36.
     1>Project "E:\svn-ragnarok\SVN-01\src\char\char-server.vcxproj" on node 5 (Build target(s)).
     1>ClCompile:
         C:\Program Files (x86)\Microsoft Visual Studio 12.0\VC\bin\CL.exe /c /I"E:\svn-ragnarok\SVN-01\3rdparty\yaml-cpp\include\\" /ZI /nologo /W3 /WX- /Od /Oy- /D WIN32 /D FD_SETSIZE=4096 /D _CRT_SECURE_NO_DEPRECATE /D _CRT_NONSTDC_NO_DEPRECATE /D _WINSOCK_DEPRECATED_NO_WARNINGS /D LIBCONFIG_STATIC /D YY_USE_CONST /D _DEBUG /D _CONSOLE /D _LIB /D _MBCS /Gm /EHsc /RTC1 /MTd /GS /fp:precise /Zc:wchar_t /Zc:forScope /Fo"E:\svn-ragnarok\SVN-01\.vs\build\char-server\Win32\Debug\\" /Fd"E:\svn-ragnarok\SVN-01\.vs\build\char-server\Win32\Debug\vc120.pdb" /Gd /TP /analyze- /errorReport:prompt char.cpp inter.cpp int_storage.cpp
         int_storage.cpp
     1>e:\svn-ragnarok\svn-01\src\char\int_storage.cpp(135): warning C4800: 'int' : forcing value to bool 'true' or 'false' (performance warning)
         inter.cpp
         char.cpp
         Generating Code...
         C:\Program Files (x86)\Microsoft Visual Studio 12.0\VC\bin\CL.exe /c /I"E:\svn-ragnarok\SVN-01\3rdparty\yaml-cpp\include\\" /ZI /nologo /W3 /WX- /Od /Oy- /D WIN32 /D FD_SETSIZE=4096 /D _CRT_SECURE_NO_DEPRECATE /D _CRT_NONSTDC_NO_DEPRECATE /D _WINSOCK_DEPRECATED_NO_WARNINGS /D LIBCONFIG_STATIC /D YY_USE_CONST /D _DEBUG /D _CONSOLE /D _LIB /D _MBCS /Gm /EHsc /RTC1 /MTd /GS /fp:precise /Zc:wchar_t /Zc:forScope /Fo"E:\svn-ragnarok\SVN-01\.vs\build\char-server\Win32\Debug\\" /Fd"E:\svn-ragnarok\SVN-01\.vs\build\char-server\Win32\Debug\vc120.pdb" /Gd /TC /analyze- /errorReport:prompt char_clif.c char_cnslif.c char_logif.c char_mapif.c int_achievement.c int_auction.c int_clan.c int_elemental.c int_guild.c int_homun.c int_mail.c int_mercenary.c int_party.c int_pet.c int_quest.c
         int_quest.c
         int_pet.c
         int_party.c
         int_mercenary.c
         int_mail.c
         int_homun.c
         int_guild.c
         int_elemental.c
         int_clan.c
         int_auction.c
         int_achievement.c
         char_mapif.c
         char_logif.c
         char_cnslif.c
         char_clif.c
         Generating Code...
       Link:
         C:\Program Files (x86)\Microsoft Visual Studio 12.0\VC\bin\link.exe /ERRORREPORT:PROMPT /OUT:"E:\svn-ragnarok\SVN-01\char-server.exe" /INCREMENTAL /NOLOGO ws2_32.lib "E:\svn-ragnarok\SVN-01\.vs\build\common.lib" "E:\svn-ragnarok\SVN-01\.vs\build\libconfig.lib" "E:\svn-ragnarok\SVN-01\.vs\build\mt19937ar.lib" "E:\svn-ragnarok\SVN-01\3rdparty\mysql\lib\Win32\libmysql.lib" "E:\svn-ragnarok\SVN-01\.vs\build\yaml-cpp.lib" kernel32.lib user32.lib gdi32.lib winspool.lib comdlg32.lib advapi32.lib shell32.lib ole32.lib oleaut32.lib uuid.lib odbc32.lib odbccp32.lib /MANIFEST /MANIFESTUAC:"level='asInvoker' uiAccess='false'" /manifest:embed /DEBUG /PDB:"E:\svn-ragnarok\SVN-01\char-server.pdb" /SUBSYSTEM:CONSOLE /TLBID:1 /DYNAMICBASE /NXCOMPAT /IMPLIB:"E:\svn-ragnarok\SVN-01\char-server.lib" /MACHINE:X86 "E:\svn-ragnarok\SVN-01\.vs\build\char-server\Win32\Debug\char.obj"
         "E:\svn-ragnarok\SVN-01\.vs\build\char-server\Win32\Debug\char_clif.obj"
         "E:\svn-ragnarok\SVN-01\.vs\build\char-server\Win32\Debug\char_cnslif.obj"
         "E:\svn-ragnarok\SVN-01\.vs\build\char-server\Win32\Debug\char_logif.obj"
         "E:\svn-ragnarok\SVN-01\.vs\build\char-server\Win32\Debug\char_mapif.obj"
         "E:\svn-ragnarok\SVN-01\.vs\build\char-server\Win32\Debug\inter.obj"
         "E:\svn-ragnarok\SVN-01\.vs\build\char-server\Win32\Debug\int_achievement.obj"
         "E:\svn-ragnarok\SVN-01\.vs\build\char-server\Win32\Debug\int_auction.obj"
         "E:\svn-ragnarok\SVN-01\.vs\build\char-server\Win32\Debug\int_clan.obj"
         "E:\svn-ragnarok\SVN-01\.vs\build\char-server\Win32\Debug\int_elemental.obj"
         "E:\svn-ragnarok\SVN-01\.vs\build\char-server\Win32\Debug\int_guild.obj"
         "E:\svn-ragnarok\SVN-01\.vs\build\char-server\Win32\Debug\int_homun.obj"
         "E:\svn-ragnarok\SVN-01\.vs\build\char-server\Win32\Debug\int_mail.obj"
         "E:\svn-ragnarok\SVN-01\.vs\build\char-server\Win32\Debug\int_mercenary.obj"
         "E:\svn-ragnarok\SVN-01\.vs\build\char-server\Win32\Debug\int_party.obj"
         "E:\svn-ragnarok\SVN-01\.vs\build\char-server\Win32\Debug\int_pet.obj"
         "E:\svn-ragnarok\SVN-01\.vs\build\char-server\Win32\Debug\int_quest.obj"
         "E:\svn-ragnarok\SVN-01\.vs\build\char-server\Win32\Debug\int_storage.obj"
         char-server.vcxproj -> E:\svn-ragnarok\SVN-01\char-server.exe
     1>Done Building Project "E:\svn-ragnarok\SVN-01\src\char\char-server.vcxproj" (Build target(s)).

Build succeeded.

Time Elapsed 00:00:10.05
