e:\svn-ragnarok\svn\.vs\build\yaml-cpp\win32\debug\vc120.pdb
e:\svn-ragnarok\svn\.vs\build\yaml-cpp\win32\debug\vc120.idb
e:\svn-ragnarok\svn\.vs\build\yaml-cpp\win32\debug\exceptions.obj
e:\svn-ragnarok\svn\.vs\build\yaml-cpp\win32\debug\exp.obj
e:\svn-ragnarok\svn\.vs\build\yaml-cpp\win32\debug\memory.obj
e:\svn-ragnarok\svn\.vs\build\yaml-cpp\win32\debug\node.obj
e:\svn-ragnarok\svn\.vs\build\yaml-cpp\win32\debug\nodebuilder.obj
e:\svn-ragnarok\svn\.vs\build\yaml-cpp\win32\debug\nodeevents.obj
e:\svn-ragnarok\svn\.vs\build\yaml-cpp\win32\debug\node_data.obj
e:\svn-ragnarok\svn\.vs\build\yaml-cpp\win32\debug\null.obj
e:\svn-ragnarok\svn\.vs\build\yaml-cpp\win32\debug\ostream_wrapper.obj
e:\svn-ragnarok\svn\.vs\build\yaml-cpp\win32\debug\parse.obj
e:\svn-ragnarok\svn\.vs\build\yaml-cpp\win32\debug\parser.obj
e:\svn-ragnarok\svn\.vs\build\yaml-cpp\win32\debug\regex_yaml.obj
e:\svn-ragnarok\svn\.vs\build\yaml-cpp\win32\debug\scanner.obj
e:\svn-ragnarok\svn\.vs\build\yaml-cpp\win32\debug\scanscalar.obj
e:\svn-ragnarok\svn\.vs\build\yaml-cpp\win32\debug\scantag.obj
e:\svn-ragnarok\svn\.vs\build\yaml-cpp\win32\debug\scantoken.obj
e:\svn-ragnarok\svn\.vs\build\yaml-cpp\win32\debug\simplekey.obj
e:\svn-ragnarok\svn\.vs\build\yaml-cpp\win32\debug\singledocparser.obj
e:\svn-ragnarok\svn\.vs\build\yaml-cpp\win32\debug\stream.obj
e:\svn-ragnarok\svn\.vs\build\yaml-cpp\win32\debug\tag.obj
e:\svn-ragnarok\svn\.vs\build\yaml-cpp\win32\debug\binary.obj
e:\svn-ragnarok\svn\.vs\build\yaml-cpp\win32\debug\graphbuilder.obj
e:\svn-ragnarok\svn\.vs\build\yaml-cpp\win32\debug\graphbuilderadapter.obj
e:\svn-ragnarok\svn\.vs\build\yaml-cpp\win32\debug\convert.obj
e:\svn-ragnarok\svn\.vs\build\yaml-cpp\win32\debug\directives.obj
e:\svn-ragnarok\svn\.vs\build\yaml-cpp\win32\debug\emit.obj
e:\svn-ragnarok\svn\.vs\build\yaml-cpp\win32\debug\emitfromevents.obj
e:\svn-ragnarok\svn\.vs\build\yaml-cpp\win32\debug\emitter.obj
e:\svn-ragnarok\svn\.vs\build\yaml-cpp\win32\debug\emitterstate.obj
e:\svn-ragnarok\svn\.vs\build\yaml-cpp\win32\debug\emitterutils.obj
e:\svn-ragnarok\svn\.vs\build\yaml-cpp.lib
e:\svn-ragnarok\svn\.vs\build\yaml-cpp\win32\debug\yaml-cpp.tlog\cl.command.1.tlog
e:\svn-ragnarok\svn\.vs\build\yaml-cpp\win32\debug\yaml-cpp.tlog\cl.read.1.tlog
e:\svn-ragnarok\svn\.vs\build\yaml-cpp\win32\debug\yaml-cpp.tlog\cl.write.1.tlog
e:\svn-ragnarok\svn\.vs\build\yaml-cpp\win32\debug\yaml-cpp.tlog\lib-link.read.1.tlog
e:\svn-ragnarok\svn\.vs\build\yaml-cpp\win32\debug\yaml-cpp.tlog\lib-link.write.1.tlog
e:\svn-ragnarok\svn\.vs\build\yaml-cpp\win32\debug\yaml-cpp.tlog\lib.command.1.tlog
