e:\svn-ragnarok\svn\.vs\build\map-server\win32\debug\vc120.pdb
e:\svn-ragnarok\svn\.vs\build\map-server\win32\debug\vc120.idb
e:\svn-ragnarok\svn\.vs\build\map-server\win32\debug\mail.obj
e:\svn-ragnarok\svn\.vs\build\map-server\win32\debug\mapreg.obj
e:\svn-ragnarok\svn\.vs\build\map-server\win32\debug\mercenary.obj
e:\svn-ragnarok\svn\.vs\build\map-server\win32\debug\mob.obj
e:\svn-ragnarok\svn\.vs\build\map-server\win32\debug\npc.obj
e:\svn-ragnarok\svn\.vs\build\map-server\win32\debug\npc_chat.obj
e:\svn-ragnarok\svn\.vs\build\map-server\win32\debug\party.obj
e:\svn-ragnarok\svn\.vs\build\map-server\win32\debug\path.obj
e:\svn-ragnarok\svn\.vs\build\map-server\win32\debug\pc.obj
e:\svn-ragnarok\svn\.vs\build\map-server\win32\debug\pc_groups.obj
e:\svn-ragnarok\svn\.vs\build\map-server\win32\debug\pet.obj
e:\svn-ragnarok\svn\.vs\build\map-server\win32\debug\quest.obj
e:\svn-ragnarok\svn\.vs\build\map-server\win32\debug\script.obj
e:\svn-ragnarok\svn\.vs\build\map-server\win32\debug\searchstore.obj
e:\svn-ragnarok\svn\.vs\build\map-server\win32\debug\skill.obj
e:\svn-ragnarok\svn\.vs\build\map-server\win32\debug\status.obj
e:\svn-ragnarok\svn\.vs\build\map-server\win32\debug\storage.obj
e:\svn-ragnarok\svn\.vs\build\map-server\win32\debug\trade.obj
e:\svn-ragnarok\svn\.vs\build\map-server\win32\debug\unit.obj
e:\svn-ragnarok\svn\.vs\build\map-server\win32\debug\vending.obj
e:\svn-ragnarok\svn\.vs\build\map-server\win32\debug\achievement.obj
e:\svn-ragnarok\svn\.vs\build\map-server\win32\debug\atcommand.obj
e:\svn-ragnarok\svn\.vs\build\map-server\win32\debug\battle.obj
e:\svn-ragnarok\svn\.vs\build\map-server\win32\debug\battleground.obj
e:\svn-ragnarok\svn\.vs\build\map-server\win32\debug\buyingstore.obj
e:\svn-ragnarok\svn\.vs\build\map-server\win32\debug\cashshop.obj
e:\svn-ragnarok\svn\.vs\build\map-server\win32\debug\channel.obj
e:\svn-ragnarok\svn\.vs\build\map-server\win32\debug\chat.obj
e:\svn-ragnarok\svn\.vs\build\map-server\win32\debug\chrif.obj
e:\svn-ragnarok\svn\.vs\build\map-server\win32\debug\clan.obj
e:\svn-ragnarok\svn\.vs\build\map-server\win32\debug\clif.obj
e:\svn-ragnarok\svn\.vs\build\map-server\win32\debug\date.obj
e:\svn-ragnarok\svn\.vs\build\map-server\win32\debug\duel.obj
e:\svn-ragnarok\svn\.vs\build\map-server\win32\debug\elemental.obj
e:\svn-ragnarok\svn\.vs\build\map-server\win32\debug\guild.obj
e:\svn-ragnarok\svn\.vs\build\map-server\win32\debug\homunculus.obj
e:\svn-ragnarok\svn\.vs\build\map-server\win32\debug\instance.obj
e:\svn-ragnarok\svn\.vs\build\map-server\win32\debug\intif.obj
e:\svn-ragnarok\svn\.vs\build\map-server\win32\debug\itemdb.obj
e:\svn-ragnarok\svn\.vs\build\map-server\win32\debug\log.obj
e:\svn-ragnarok\svn\.vs\build\map-server\win32\debug\map.obj
e:\svn-ragnarok\svn\map-server.ilk
e:\svn-ragnarok\svn\map-server.exe
e:\svn-ragnarok\svn\map-server.pdb
e:\svn-ragnarok\svn\.vs\build\map-server\win32\debug\map-server.tlog\cl.command.1.tlog
e:\svn-ragnarok\svn\.vs\build\map-server\win32\debug\map-server.tlog\cl.read.1.tlog
e:\svn-ragnarok\svn\.vs\build\map-server\win32\debug\map-server.tlog\cl.write.1.tlog
e:\svn-ragnarok\svn\.vs\build\map-server\win32\debug\map-server.tlog\link.command.1.tlog
e:\svn-ragnarok\svn\.vs\build\map-server\win32\debug\map-server.tlog\link.read.1.tlog
e:\svn-ragnarok\svn\.vs\build\map-server\win32\debug\map-server.tlog\link.write.1.tlog
